[     480ms] [INFO] %cDownload the React DevTools for a better development experience: https://reactjs.org/link/react-devtools font-weight:bold @ webpack-internal:///(app-pages-browser)/../node_modules/next/dist/compiled/react-dom/cjs/react-dom.development.js:38559
[     908ms] [WARNING] Image with src "/images/icons/ExpandedRealtyPalsWhite.png" has either width or height modified, but not the other. If you use CSS to change the size of your image, also include the styles 'width: "auto"' or 'height: "auto"' to maintain the aspect ratio. @ webpack-internal:///(app-pages-browser)/../node_modules/next/dist/shared/lib/utils/warn-once.js:15
[   37254ms] [LOG] [Fast Refresh] rebuilding @ webpack-internal:///(app-pages-browser)/../node_modules/next/dist/client/components/react-dev-overlay/app/hot-reloader-client.js:186
[   43500ms] [LOG] [Fast Refresh] done in 6247ms @ webpack-internal:///(app-pages-browser)/../node_modules/next/dist/client/components/react-dev-overlay/app/hot-reloader-client.js:43
[   44587ms] [ERROR] Access to fetch at 'http://localhost:3002/api/v1/chat/session/list?guestToken=guest-d756785e-6c04-42d1-aaa9-b0acd545155a' from origin 'http://localhost:3001' has been blocked by CORS policy: The 'Access-Control-Allow-Origin' header has a value 'http://localhost:3000' that is not equal to the supplied origin. Have the server send the header with a valid value. @ http://localhost:3001/discover:0
[   44588ms] [ERROR] Failed to load resource: net::ERR_FAILED @ http://localhost:3002/api/v1/chat/session/list?guestToken=guest-d756785e-6c04-42d1-aaa9-b0acd545155a:0
[   44624ms] [ERROR] Access to fetch at 'http://localhost:3002/api/v1/chat/session/list?guestToken=guest-d756785e-6c04-42d1-aaa9-b0acd545155a' from origin 'http://localhost:3001' has been blocked by CORS policy: The 'Access-Control-Allow-Origin' header has a value 'http://localhost:3000' that is not equal to the supplied origin. Have the server send the header with a valid value. @ http://localhost:3001/discover:0
[   44624ms] [ERROR] Failed to load resource: net::ERR_FAILED @ http://localhost:3002/api/v1/chat/session/list?guestToken=guest-d756785e-6c04-42d1-aaa9-b0acd545155a:0
[   44663ms] [ERROR] Access to fetch at 'http://localhost:3002/api/v1/chat/session/list?guestToken=guest-d756785e-6c04-42d1-aaa9-b0acd545155a' from origin 'http://localhost:3001' has been blocked by CORS policy: The 'Access-Control-Allow-Origin' header has a value 'http://localhost:3000' that is not equal to the supplied origin. Have the server send the header with a valid value. @ http://localhost:3001/discover:0
[   44663ms] [ERROR] Failed to load resource: net::ERR_FAILED @ http://localhost:3002/api/v1/chat/session/list?guestToken=guest-d756785e-6c04-42d1-aaa9-b0acd545155a:0
[   44700ms] [ERROR] Access to fetch at 'http://localhost:3002/api/v1/chat/session/list?guestToken=guest-d756785e-6c04-42d1-aaa9-b0acd545155a' from origin 'http://localhost:3001' has been blocked by CORS policy: The 'Access-Control-Allow-Origin' header has a value 'http://localhost:3000' that is not equal to the supplied origin. Have the server send the header with a valid value. @ http://localhost:3001/discover:0
[   44700ms] [ERROR] Failed to load resource: net::ERR_FAILED @ http://localhost:3002/api/v1/chat/session/list?guestToken=guest-d756785e-6c04-42d1-aaa9-b0acd545155a:0
[   44831ms] [WARNING] Image with src "/images/icons/ExpandedRealtyPalsBlack.png" has either width or height modified, but not the other. If you use CSS to change the size of your image, also include the styles 'width: "auto"' or 'height: "auto"' to maintain the aspect ratio. @ webpack-internal:///(app-pages-browser)/../node_modules/next/dist/shared/lib/utils/warn-once.js:15
[   44842ms] [ERROR] Access to fetch at 'http://localhost:3002/api/v1/sessions/re-engagement/latest?guestToken=guest-d756785e-6c04-42d1-aaa9-b0acd545155a' from origin 'http://localhost:3001' has been blocked by CORS policy: The 'Access-Control-Allow-Origin' header has a value 'http://localhost:3000' that is not equal to the supplied origin. Have the server send the header with a valid value. @ http://localhost:3001/discover:0
[   44843ms] [ERROR] Failed to load resource: net::ERR_FAILED @ http://localhost:3002/api/v1/sessions/re-engagement/latest?guestToken=guest-d756785e-6c04-42d1-aaa9-b0acd545155a:0
[   44882ms] [ERROR] Access to fetch at 'http://localhost:3002/api/v1/sessions/re-engagement/latest?guestToken=guest-d756785e-6c04-42d1-aaa9-b0acd545155a' from origin 'http://localhost:3001' has been blocked by CORS policy: The 'Access-Control-Allow-Origin' header has a value 'http://localhost:3000' that is not equal to the supplied origin. Have the server send the header with a valid value. @ http://localhost:3001/discover:0
[   44882ms] [ERROR] Failed to load resource: net::ERR_FAILED @ http://localhost:3002/api/v1/sessions/re-engagement/latest?guestToken=guest-d756785e-6c04-42d1-aaa9-b0acd545155a:0
[ 1959924ms] [LOG] [Fast Refresh] rebuilding @ webpack-internal:///(app-pages-browser)/../node_modules/next/dist/client/components/react-dev-overlay/app/hot-reloader-client.js:186
[ 1970436ms] [LOG] [Fast Refresh] rebuilding @ webpack-internal:///(app-pages-browser)/../node_modules/next/dist/client/components/react-dev-overlay/app/hot-reloader-client.js:186
[ 1970680ms] [LOG] [Fast Refresh] done in 243ms @ webpack-internal:///(app-pages-browser)/../node_modules/next/dist/client/components/react-dev-overlay/app/hot-reloader-client.js:43
[ 1980529ms] [LOG] [Fast Refresh] done in 10093ms @ webpack-internal:///(app-pages-browser)/../node_modules/next/dist/client/components/react-dev-overlay/app/hot-reloader-client.js:43
[ 2020215ms] [LOG] [Fast Refresh] rebuilding @ webpack-internal:///(app-pages-browser)/../node_modules/next/dist/client/components/react-dev-overlay/app/hot-reloader-client.js:186
[ 2021977ms] [LOG] [Fast Refresh] done in 1761ms @ webpack-internal:///(app-pages-browser)/../node_modules/next/dist/client/components/react-dev-overlay/app/hot-reloader-client.js:43
[ 2056062ms] [LOG] [Fast Refresh] rebuilding @ webpack-internal:///(app-pages-browser)/../node_modules/next/dist/client/components/react-dev-overlay/app/hot-reloader-client.js:186
[ 2057477ms] [LOG] [Fast Refresh] rebuilding @ webpack-internal:///(app-pages-browser)/../node_modules/next/dist/client/components/react-dev-overlay/app/hot-reloader-client.js:186
[ 2057539ms] [LOG] [Fast Refresh] done in 62ms @ webpack-internal:///(app-pages-browser)/../node_modules/next/dist/client/components/react-dev-overlay/app/hot-reloader-client.js:43
[ 2062187ms] [LOG] [Fast Refresh] done in 4710ms @ webpack-internal:///(app-pages-browser)/../node_modules/next/dist/client/components/react-dev-overlay/app/hot-reloader-client.js:43
[ 2091575ms] [LOG] [Fast Refresh] rebuilding @ webpack-internal:///(app-pages-browser)/../node_modules/next/dist/client/components/react-dev-overlay/app/hot-reloader-client.js:186
[ 2093085ms] [LOG] [Fast Refresh] rebuilding @ webpack-internal:///(app-pages-browser)/../node_modules/next/dist/client/components/react-dev-overlay/app/hot-reloader-client.js:186
[ 2093148ms] [LOG] [Fast Refresh] done in 64ms @ webpack-internal:///(app-pages-browser)/../node_modules/next/dist/client/components/react-dev-overlay/app/hot-reloader-client.js:43
[ 2095451ms] [LOG] [Fast Refresh] done in 2367ms @ webpack-internal:///(app-pages-browser)/../node_modules/next/dist/client/components/react-dev-overlay/app/hot-reloader-client.js:43
