[   13243ms] [ERROR] Failed to load resource: the server responded with a status of 500 (Internal Server Error) @ http://localhost:3000/discover/c4aca625-1828-41f2-9076-9ab7bd3370f4:0
[   13528ms] [INFO] %cDownload the React DevTools for a better development experience: https://react.dev/link/react-devtools font-weight:bold @ webpack-internal:///../node_modules/react-dom/cjs/react-dom-client.development.js:28004
[   13810ms] Error: Objects are not valid as a React child (found: object with keys {$$typeof, type, key, ref, props, _owner, _store}). If you meant to render a collection of children, use an array instead.
    at retryNode (file://C:\Users\Furqan\Desktop\UiRealtyPals\node_modules\react-dom\cjs\react-dom-server.browser.development.js:6812:17)
    at renderNodeDestructive (file://C:\Users\Furqan\Desktop\UiRealtyPals\node_modules\react-dom\cjs\react-dom-server.browser.development.js:6705:11)
    at renderElement (file://C:\Users\Furqan\Desktop\UiRealtyPals\node_modules\react-dom\cjs\react-dom-server.browser.development.js:5810:11)
    at retryNode (file://C:\Users\Furqan\Desktop\UiRealtyPals\node_modules\react-dom\cjs\react-dom-server.browser.development.js:6755:31)
    at renderNodeDestructive (file://C:\Users\Furqan\Desktop\UiRealtyPals\node_modules\react-dom\cjs\react-dom-server.browser.development.js:6705:11)
    at finishFunctionComponent (file://C:\Users\Furqan\Desktop\UiRealtyPals\node_modules\react-dom\cjs\react-dom-server.browser.development.js:5433:13)
    at renderElement (file://C:\Users\Furqan\Desktop\UiRealtyPals\node_modules\react-dom\cjs\react-dom-server.browser.development.js:5879:11)
    at retryNode (file://C:\Users\Furqan\Desktop\UiRealtyPals\node_modules\react-dom\cjs\react-dom-server.browser.development.js:6755:31)
    at renderNodeDestructive (file://C:\Users\Furqan\Desktop\UiRealtyPals\node_modules\react-dom\cjs\react-dom-server.browser.development.js:6705:11)
    at renderNode (file://C:\Users\Furqan\Desktop\UiRealtyPals\node_modules\react-dom\cjs\react-dom-server.browser.development.js:7243:18)
    at renderChildrenArray (file://C:\Users\Furqan\Desktop\UiRealtyPals\node_modules\react-dom\cjs\react-dom-server.browser.development.js:7012:11)
    at retryNode (file://C:\Users\Furqan\Desktop\UiRealtyPals\node_modules\react-dom\cjs\react-dom-server.browser.development.js:6779:13)
    at renderNodeDestructive (file://C:\Users\Furqan\Desktop\UiRealtyPals\node_modules\react-dom\cjs\react-dom-server.browser.development.js:6705:11)
    at renderElement (file://C:\Users\Furqan\Desktop\UiRealtyPals\node_modules\react-dom\cjs\react-dom-server.browser.development.js:5997:13)
    at retryNode (file://C:\Users\Furqan\Desktop\UiRealtyPals\node_modules\react-dom\cjs\react-dom-server.browser.development.js:6755:31)
    at renderNodeDestructive (file://C:\Users\Furqan\Desktop\UiRealtyPals\node_modules\react-dom\cjs\react-dom-server.browser.development.js:6705:11)
    at renderNode (file://C:\Users\Furqan\Desktop\UiRealtyPals\node_modules\react-dom\cjs\react-dom-server.browser.development.js:7243:18)
    at renderChildrenArray (file://C:\Users\Furqan\Desktop\UiRealtyPals\node_modules\react-dom\cjs\react-dom-server.browser.development.js:7012:11)
    at retryNode (file://C:\Users\Furqan\Desktop\UiRealtyPals\node_modules\react-dom\cjs\react-dom-server.browser.development.js:6779:13)
    at renderNodeDestructive (file://C:\Users\Furqan\Desktop\UiRealtyPals\node_modules\react-dom\cjs\react-dom-server.browser.development.js:6705:11)
    at renderElement (file://C:\Users\Furqan\Desktop\UiRealtyPals\node_modules\react-dom\cjs\react-dom-server.browser.development.js:5997:13)
    at retryNode (file://C:\Users\Furqan\Desktop\UiRealtyPals\node_modules\react-dom\cjs\react-dom-server.browser.development.js:6755:31)
    at renderNodeDestructive (file://C:\Users\Furqan\Desktop\UiRealtyPals\node_modules\react-dom\cjs\react-dom-server.browser.development.js:6705:11)
    at renderElement (file://C:\Users\Furqan\Desktop\UiRealtyPals\node_modules\react-dom\cjs\react-dom-server.browser.development.js:6391:15)
    at retryNode (file://C:\Users\Furqan\Desktop\UiRealtyPals\node_modules\react-dom\cjs\react-dom-server.browser.development.js:6755:31)
    at renderNodeDestructive (file://C:\Users\Furqan\Desktop\UiRealtyPals\node_modules\react-dom\cjs\react-dom-server.browser.development.js:6705:11)
    at renderElement (file://C:\Users\Furqan\Desktop\UiRealtyPals\node_modules\react-dom\cjs\react-dom-server.browser.development.js:6391:15)
    at retryNode (file://C:\Users\Furqan\Desktop\UiRealtyPals\node_modules\react-dom\cjs\react-dom-server.browser.development.js:6755:31)
    at renderNodeDestructive (file://C:\Users\Furqan\Desktop\UiRealtyPals\node_modules\react-dom\cjs\react-dom-server.browser.development.js:6705:11)
    at finishFunctionComponent (file://C:\Users\Furqan\Desktop\UiRealtyPals\node_modules\react-dom\cjs\react-dom-server.browser.development.js:5433:13)
    at renderElement (file://C:\Users\Furqan\Desktop\UiRealtyPals\node_modules\react-dom\cjs\react-dom-server.browser.development.js:5879:11)
    at retryNode (file://C:\Users\Furqan\Desktop\UiRealtyPals\node_modules\react-dom\cjs\react-dom-server.browser.development.js:6755:31)
    at renderNodeDestructive (file://C:\Users\Furqan\Desktop\UiRealtyPals\node_modules\react-dom\cjs\react-dom-server.browser.development.js:6705:11)
    at renderElement (file://C:\Users\Furqan\Desktop\UiRealtyPals\node_modules\react-dom\cjs\react-dom-server.browser.development.js:6391:15)
    at retryNode (file://C:\Users\Furqan\Desktop\UiRealtyPals\node_modules\react-dom\cjs\react-dom-server.browser.development.js:6755:31)
    at renderNodeDestructive (file://C:\Users\Furqan\Desktop\UiRealtyPals\node_modules\react-dom\cjs\react-dom-server.browser.development.js:6705:11)
    at renderElement (file://C:\Users\Furqan\Desktop\UiRealtyPals\node_modules\react-dom\cjs\react-dom-server.browser.development.js:6391:15)
    at retryNode (file://C:\Users\Furqan\Desktop\UiRealtyPals\node_modules\react-dom\cjs\react-dom-server.browser.development.js:6755:31)
    at renderNodeDestructive (file://C:\Users\Furqan\Desktop\UiRealtyPals\node_modules\react-dom\cjs\react-dom-server.browser.development.js:6705:11)
    at renderElement (file://C:\Users\Furqan\Desktop\UiRealtyPals\node_modules\react-dom\cjs\react-dom-server.browser.development.js:6391:15)
    at retryNode (file://C:\Users\Furqan\Desktop\UiRealtyPals\node_modules\react-dom\cjs\react-dom-server.browser.development.js:6755:31)
    at renderNodeDestructive (file://C:\Users\Furqan\Desktop\UiRealtyPals\node_modules\react-dom\cjs\react-dom-server.browser.development.js:6705:11)
    at renderElement (file://C:\Users\Furqan\Desktop\UiRealtyPals\node_modules\react-dom\cjs\react-dom-server.browser.development.js:6391:15)
    at retryNode (file://C:\Users\Furqan\Desktop\UiRealtyPals\node_modules\react-dom\cjs\react-dom-server.browser.development.js:6755:31)
    at renderNodeDestructive (file://C:\Users\Furqan\Desktop\UiRealtyPals\node_modules\react-dom\cjs\react-dom-server.browser.development.js:6705:11)
    at renderElement (file://C:\Users\Furqan\Desktop\UiRealtyPals\node_modules\react-dom\cjs\react-dom-server.browser.development.js:6391:15)
    at retryNode (file://C:\Users\Furqan\Desktop\UiRealtyPals\node_modules\react-dom\cjs\react-dom-server.browser.development.js:6755:31)
    at renderNodeDestructive (file://C:\Users\Furqan\Desktop\UiRealtyPals\node_modules\react-dom\cjs\react-dom-server.browser.development.js:6705:11)
    at renderElement (file://C:\Users\Furqan\Desktop\UiRealtyPals\node_modules\react-dom\cjs\react-dom-server.browser.development.js:6391:15)
    at retryNode (file://C:\Users\Furqan\Desktop\UiRealtyPals\node_modules\react-dom\cjs\react-dom-server.browser.development.js:6755:31)
[   13811ms] [LOG] [HMR] connected @ webpack-internal:///../node_modules/next/dist/client/components/react-dev-overlay/pages/websocket.js:45
[   13855ms] [ERROR] Failed to load resource: the server responded with a status of 404 (Not Found) @ http://localhost:3000/favicon.ico:0
