[     785ms] [INFO] %cDownload the React DevTools for a better development experience: https://reactjs.org/link/react-devtools font-weight:bold @ webpack-internal:///(app-pages-browser)/../node_modules/next/dist/compiled/react-dom/cjs/react-dom.development.js:38559
[    1498ms] [WARNING] Canvas2D: Multiple readback operations using getImageData are faster with the willReadFrequently attribute set to true. See: https://html.spec.whatwg.org/multipage/canvas.html#concept-canvas-will-read-frequently @ webpack-internal:///(app-pages-browser)/./components/ui/placeholders-and-vanish-input.tsx:76
[    1684ms] [WARNING] Image with src "/images/logo/realtypals.png" has either width or height modified, but not the other. If you use CSS to change the size of your image, also include the styles 'width: "auto"' or 'height: "auto"' to maintain the aspect ratio. @ webpack-internal:///(app-pages-browser)/../node_modules/next/dist/shared/lib/utils/warn-once.js:15
[   22894ms] [WARNING] Canvas2D: Multiple readback operations using getImageData are faster with the willReadFrequently attribute set to true. See: https://html.spec.whatwg.org/multipage/canvas.html#concept-canvas-will-read-frequently @ webpack-internal:///(app-pages-browser)/./components/ui/placeholders-and-vanish-input.tsx:76
[   27050ms] [ERROR] Failed to load resource: the server responded with a status of 404 (Not Found) @ http://localhost:3000/images/properties/tata-eureka-park-sector-150-noida/hero.jpg:0
[   29667ms] [LOG] [DETAIL:RESPONSE] {status: 200, slug: ace-parkway-sector-150-noida, url: http://localhost:3002/api/v1/projects/ace-parkway-sector-150-noida} @ webpack-internal:///(app-pages-browser)/./components/ProjectDetailPanel.tsx:451
[   29674ms] [LOG] [DETAIL:PAYLOAD] {project_name: ACE Parkway, rec_tier: MISSING, persona: MISSING, decision_thesis: MISSING, competitor_count: 0} @ webpack-internal:///(app-pages-browser)/./components/ProjectDetailPanel.tsx:465
[   50324ms] [LOG] [DETAIL:RESPONSE] {status: 200, slug: ace-parkway-sector-150-noida, url: http://localhost:3002/api/v1/projects/ace-parkway-sector-150-noida} @ webpack-internal:///(app-pages-browser)/./components/ProjectDetailPanel.tsx:451
[   50470ms] [LOG] [DETAIL:PAYLOAD] {project_name: ACE Parkway, rec_tier: MISSING, persona: MISSING, decision_thesis: MISSING, competitor_count: 0} @ webpack-internal:///(app-pages-browser)/./components/ProjectDetailPanel.tsx:465
[   52011ms] [LOG] [DETAIL:RESPONSE] {status: 200, slug: ace-parkway-sector-150-noida, url: http://localhost:3002/api/v1/projects/ace-parkway-sector-150-noida} @ webpack-internal:///(app-pages-browser)/./components/ProjectDetailPanel.tsx:451
[   52012ms] [LOG] [DETAIL:PAYLOAD] {project_name: ACE Parkway, rec_tier: MISSING, persona: MISSING, decision_thesis: MISSING, competitor_count: 0} @ webpack-internal:///(app-pages-browser)/./components/ProjectDetailPanel.tsx:465
[   53579ms] [LOG] [DETAIL:RESPONSE] {status: 200, slug: ace-parkway-sector-150-noida, url: http://localhost:3002/api/v1/projects/ace-parkway-sector-150-noida} @ webpack-internal:///(app-pages-browser)/./components/ProjectDetailPanel.tsx:451
[   53584ms] [LOG] [DETAIL:PAYLOAD] {project_name: ACE Parkway, rec_tier: MISSING, persona: MISSING, decision_thesis: MISSING, competitor_count: 0} @ webpack-internal:///(app-pages-browser)/./components/ProjectDetailPanel.tsx:465
[   56552ms] [LOG] [DETAIL:RESPONSE] {status: 200, slug: ace-parkway-sector-150-noida, url: http://localhost:3002/api/v1/projects/ace-parkway-sector-150-noida} @ webpack-internal:///(app-pages-browser)/./components/ProjectDetailPanel.tsx:451
[   56563ms] [LOG] [DETAIL:PAYLOAD] {project_name: ACE Parkway, rec_tier: MISSING, persona: MISSING, decision_thesis: MISSING, competitor_count: 0} @ webpack-internal:///(app-pages-browser)/./components/ProjectDetailPanel.tsx:465
[   59300ms] [LOG] [DETAIL:RESPONSE] {status: 200, slug: ace-parkway-sector-150-noida, url: http://localhost:3002/api/v1/projects/ace-parkway-sector-150-noida} @ webpack-internal:///(app-pages-browser)/./components/ProjectDetailPanel.tsx:451
[   59301ms] [LOG] [DETAIL:PAYLOAD] {project_name: ACE Parkway, rec_tier: MISSING, persona: MISSING, decision_thesis: MISSING, competitor_count: 0} @ webpack-internal:///(app-pages-browser)/./components/ProjectDetailPanel.tsx:465
[  238674ms] [LOG] [Fast Refresh] rebuilding @ webpack-internal:///(app-pages-browser)/../node_modules/next/dist/client/components/react-dev-overlay/app/hot-reloader-client.js:186
[  240109ms] [LOG] [Fast Refresh] rebuilding @ webpack-internal:///(app-pages-browser)/../node_modules/next/dist/client/components/react-dev-overlay/app/hot-reloader-client.js:186
[  240178ms] [LOG] [Fast Refresh] done in 69ms @ webpack-internal:///(app-pages-browser)/../node_modules/next/dist/client/components/react-dev-overlay/app/hot-reloader-client.js:43
[  243617ms] [LOG] [Fast Refresh] done in 3507ms @ webpack-internal:///(app-pages-browser)/../node_modules/next/dist/client/components/react-dev-overlay/app/hot-reloader-client.js:43
[  244342ms] [WARNING] Canvas2D: Multiple readback operations using getImageData are faster with the willReadFrequently attribute set to true. See: https://html.spec.whatwg.org/multipage/canvas.html#concept-canvas-will-read-frequently @ webpack-internal:///(app-pages-browser)/./components/ui/placeholders-and-vanish-input.tsx:76
[  244454ms] [LOG] [Fast Refresh] rebuilding @ webpack-internal:///(app-pages-browser)/../node_modules/next/dist/client/components/react-dev-overlay/app/hot-reloader-client.js:186
[  245030ms] [LOG] [Fast Refresh] done in 575ms @ webpack-internal:///(app-pages-browser)/../node_modules/next/dist/client/components/react-dev-overlay/app/hot-reloader-client.js:43
[  248145ms] [ERROR] Failed to load resource: the server responded with a status of 404 (Not Found) @ http://localhost:3000/images/properties/tata-eureka-park-sector-150-noida/hero.jpg:0
[  261130ms] [LOG] [Fast Refresh] rebuilding @ webpack-internal:///(app-pages-browser)/../node_modules/next/dist/client/components/react-dev-overlay/app/hot-reloader-client.js:186
[  262792ms] [LOG] [Fast Refresh] rebuilding @ webpack-internal:///(app-pages-browser)/../node_modules/next/dist/client/components/react-dev-overlay/app/hot-reloader-client.js:186
[  262862ms] [LOG] [Fast Refresh] done in 70ms @ webpack-internal:///(app-pages-browser)/../node_modules/next/dist/client/components/react-dev-overlay/app/hot-reloader-client.js:43
[  265728ms] [LOG] [Fast Refresh] done in 2935ms @ webpack-internal:///(app-pages-browser)/../node_modules/next/dist/client/components/react-dev-overlay/app/hot-reloader-client.js:43
