[     719ms] [INFO] %cDownload the React DevTools for a better development experience: https://reactjs.org/link/react-devtools font-weight:bold @ webpack-internal:///(app-pages-browser)/../node_modules/next/dist/compiled/react-dom/cjs/react-dom.development.js:38559
[    1277ms] [WARNING] Canvas2D: Multiple readback operations using getImageData are faster with the willReadFrequently attribute set to true. See: https://html.spec.whatwg.org/multipage/canvas.html#concept-canvas-will-read-frequently @ webpack-internal:///(app-pages-browser)/./components/ui/placeholders-and-vanish-input.tsx:76
[    1566ms] [WARNING] Image with src "/images/logo/realtypals.png" has either width or height modified, but not the other. If you use CSS to change the size of your image, also include the styles 'width: "auto"' or 'height: "auto"' to maintain the aspect ratio. @ webpack-internal:///(app-pages-browser)/../node_modules/next/dist/shared/lib/utils/warn-once.js:15
[   11977ms] [WARNING] Canvas2D: Multiple readback operations using getImageData are faster with the willReadFrequently attribute set to true. See: https://html.spec.whatwg.org/multipage/canvas.html#concept-canvas-will-read-frequently @ webpack-internal:///(app-pages-browser)/./components/ui/placeholders-and-vanish-input.tsx:76
[   15861ms] [ERROR] Failed to load resource: the server responded with a status of 404 (Not Found) @ http://localhost:3000/images/properties/mahagun-moderne-sector-78-noida/hero.jpg:0
[   28899ms] [ERROR] Failed to load resource: the server responded with a status of 404 (Not Found) @ http://localhost:3000/images/properties/mahagun-moderne-sector-78-noida/hero.jpg:0
[   29543ms] [LOG] [DETAIL:RESPONSE] {status: 200, slug: mahagun-moderne-sector-78-noida, url: http://localhost:3002/api/v1/projects/mahagun-moderne-sector-78-noida} @ webpack-internal:///(app-pages-browser)/./components/ProjectDetailPanel.tsx:451
[   29544ms] [LOG] [DETAIL:PAYLOAD] {project_name: Mahagun Moderne, rec_tier: BUY, persona: FAMILY, decision_thesis: Mahagun Moderne is the most liquid, cash-flow-generating asset in Sector 78 beca, competitor_count: 1} @ webpack-internal:///(app-pages-browser)/./components/ProjectDetailPanel.tsx:465
[   30304ms] [ERROR] Failed to load resource: the server responded with a status of 404 (Not Found) @ http://localhost:3000/images/properties/mahagun-moderne-sector-78-noida/hero.jpg:0
[   30576ms] [LOG] [DETAIL:RESPONSE] {status: 200, slug: mahagun-moderne-sector-78-noida, url: http://localhost:3002/api/v1/projects/mahagun-moderne-sector-78-noida} @ webpack-internal:///(app-pages-browser)/./components/ProjectDetailPanel.tsx:451
[   30577ms] [LOG] [DETAIL:PAYLOAD] {project_name: Mahagun Moderne, rec_tier: BUY, persona: FAMILY, decision_thesis: Mahagun Moderne is the most liquid, cash-flow-generating asset in Sector 78 beca, competitor_count: 1} @ webpack-internal:///(app-pages-browser)/./components/ProjectDetailPanel.tsx:465
[   31664ms] [ERROR] Failed to load resource: the server responded with a status of 404 (Not Found) @ http://localhost:3000/images/properties/mahagun-moderne-sector-78-noida/hero.jpg:0
[   31967ms] [LOG] [DETAIL:RESPONSE] {status: 200, slug: mahagun-moderne-sector-78-noida, url: http://localhost:3002/api/v1/projects/mahagun-moderne-sector-78-noida} @ webpack-internal:///(app-pages-browser)/./components/ProjectDetailPanel.tsx:451
[   31968ms] [LOG] [DETAIL:PAYLOAD] {project_name: Mahagun Moderne, rec_tier: BUY, persona: FAMILY, decision_thesis: Mahagun Moderne is the most liquid, cash-flow-generating asset in Sector 78 beca, competitor_count: 1} @ webpack-internal:///(app-pages-browser)/./components/ProjectDetailPanel.tsx:465
[   33168ms] [ERROR] Failed to load resource: the server responded with a status of 404 (Not Found) @ http://localhost:3000/images/properties/mahagun-moderne-sector-78-noida/hero.jpg:0
[   33492ms] [LOG] [DETAIL:RESPONSE] {status: 200, slug: mahagun-moderne-sector-78-noida, url: http://localhost:3002/api/v1/projects/mahagun-moderne-sector-78-noida} @ webpack-internal:///(app-pages-browser)/./components/ProjectDetailPanel.tsx:451
[   33493ms] [LOG] [DETAIL:PAYLOAD] {project_name: Mahagun Moderne, rec_tier: BUY, persona: FAMILY, decision_thesis: Mahagun Moderne is the most liquid, cash-flow-generating asset in Sector 78 beca, competitor_count: 1} @ webpack-internal:///(app-pages-browser)/./components/ProjectDetailPanel.tsx:465
[   35178ms] [ERROR] Failed to load resource: the server responded with a status of 404 (Not Found) @ http://localhost:3000/images/properties/mahagun-moderne-sector-78-noida/hero.jpg:0
[   35646ms] [LOG] [DETAIL:RESPONSE] {status: 200, slug: mahagun-moderne-sector-78-noida, url: http://localhost:3002/api/v1/projects/mahagun-moderne-sector-78-noida} @ webpack-internal:///(app-pages-browser)/./components/ProjectDetailPanel.tsx:451
[   35647ms] [LOG] [DETAIL:PAYLOAD] {project_name: Mahagun Moderne, rec_tier: BUY, persona: FAMILY, decision_thesis: Mahagun Moderne is the most liquid, cash-flow-generating asset in Sector 78 beca, competitor_count: 1} @ webpack-internal:///(app-pages-browser)/./components/ProjectDetailPanel.tsx:465
