[    1954ms] [INFO] %cDownload the React DevTools for a better development experience: https://reactjs.org/link/react-devtools font-weight:bold @ webpack-internal:///(app-pages-browser)/../node_modules/next/dist/compiled/react-dom/cjs/react-dom.development.js:38559
[    3397ms] [WARNING] Canvas2D: Multiple readback operations using getImageData are faster with the willReadFrequently attribute set to true. See: https://html.spec.whatwg.org/multipage/canvas.html#concept-canvas-will-read-frequently @ webpack-internal:///(app-pages-browser)/./components/ui/placeholders-and-vanish-input.tsx:76
[    3950ms] [WARNING] Image with src "/images/logo/realtypals.png" has either width or height modified, but not the other. If you use CSS to change the size of your image, also include the styles 'width: "auto"' or 'height: "auto"' to maintain the aspect ratio. @ webpack-internal:///(app-pages-browser)/../node_modules/next/dist/shared/lib/utils/warn-once.js:15
[   22556ms] [LOG] [NAV] 1. sidebar-click  t=0ms @ webpack-internal:///(app-pages-browser)/./components/Sidebar/SessionItem.tsx:194
[   22558ms] [LOG] [NAV] 2. router.push      +2.5ms @ webpack-internal:///(app-pages-browser)/./components/Sidebar.tsx:425
[   22576ms] [LOG] [NAV] RSC fetch: start +-21772.7ms | ttfb +-20966.3ms | duration 404.7ms | end +-21368.0ms | url discover/page.js @ webpack-internal:///(app-pages-browser)/./components/Sidebar/SessionItem.tsx:206
[   23098ms] [LOG] [NAV] 3. page-mount       +542.0ms @ webpack-internal:///(app-pages-browser)/./app/discover/[sessionId]/page.tsx:45
[   23100ms] [LOG] [NAV] 3. page-mount       +544.7ms @ webpack-internal:///(app-pages-browser)/./app/discover/[sessionId]/page.tsx:45
[   23470ms] [LOG] [NAV] 3b. content-mount  +914.4ms @ webpack-internal:///(app-pages-browser)/./components/DiscoveryContent.tsx:285
[   23472ms] [LOG] [NAV] 4. restore-start    +916.3ms @ webpack-internal:///(app-pages-browser)/./components/DiscoveryContent.tsx:583
[   23475ms] [LOG] [NAV] 4. restore-start    +920.6ms @ webpack-internal:///(app-pages-browser)/./components/DiscoveryContent.tsx:583
[   23477ms] [LOG] [NAV] 5. authHeaders       +922.2ms  (took 2.6ms) @ webpack-internal:///(app-pages-browser)/./components/DiscoveryContent.tsx:587
[   23477ms] [LOG] [NAV] 6. fetch-start       +922.3ms @ webpack-internal:///(app-pages-browser)/./components/DiscoveryContent.tsx:589
[   23478ms] [LOG] [NAV] 5. authHeaders       +923.3ms  (took 2.4ms) @ webpack-internal:///(app-pages-browser)/./components/DiscoveryContent.tsx:587
[   23478ms] [LOG] [NAV] 6. fetch-start       +923.5ms @ webpack-internal:///(app-pages-browser)/./components/DiscoveryContent.tsx:589
[   23679ms] [LOG] [NAV] 7. fetch-end         +1124.0ms  (took 201.7ms) @ webpack-internal:///(app-pages-browser)/./components/DiscoveryContent.tsx:596
[   23750ms] [LOG] [NAV] 7. fetch-end         +1195.8ms  (took 272.3ms) @ webpack-internal:///(app-pages-browser)/./components/DiscoveryContent.tsx:596
[   23753ms] [LOG] [NAV] 8. mapper            +1198.6ms  (took 0.2ms, 2 msgs) @ webpack-internal:///(app-pages-browser)/./components/DiscoveryContent.tsx:645
[   24017ms] [LOG] [NAV] 9. render-complete   +1462.0ms  (took 263.1ms) @ webpack-internal:///(app-pages-browser)/./components/DiscoveryContent.tsx:698
[   24019ms] [LOG] [NAV] ━━━ TOTAL 1464ms | rsc+compile -21368ms | page-mount 545ms | authHeaders 2ms | fetch 272ms | mapper 0ms | render 263ms | ⚠️ BOTTLENECK: fetch (272ms) @ webpack-internal:///(app-pages-browser)/./components/DiscoveryContent.tsx:725
[   24021ms] [LOG] [NAV] 9b. property-cards +1465.4ms @ webpack-internal:///(app-pages-browser)/./components/DiscoveryContent.tsx:741
[   24025ms] [WARNING] Canvas2D: Multiple readback operations using getImageData are faster with the willReadFrequently attribute set to true. See: https://html.spec.whatwg.org/multipage/canvas.html#concept-canvas-will-read-frequently @ webpack-internal:///(app-pages-browser)/./components/ui/placeholders-and-vanish-input.tsx:76
[   24273ms] [ERROR] Failed to load resource: the server responded with a status of 404 (Not Found) @ http://localhost:3000/images/properties/tata-eureka-park-sector-150-noida/hero.jpg:0
